<?xml version="1.0" encoding="UTF-8"?>
<!-- Generated by org.testng.reporters.JUnitReportReporter -->
<testsuite hostname="Mosab" failures="0" tests="3" name="MyTestCases" time="0.121" errors="0" timestamp="2024-11-01T14:31:51 EET" skipped="2">
  <testcase classname="MyTestCases" name="select" time="0.121"/>
  <system-out/>
  <testcase classname="MyTestCases" name="RadioButtons">
    <skipped/>
  </testcase> <!-- RadioButtons -->
  <system-out/>
  <testcase classname="MyTestCases" name="DynamicDropDown">
    <skipped/>
  </testcase> <!-- DynamicDropDown -->
  <system-out/>
</testsuite> <!-- MyTestCases -->
