<?xml version="1.0" encoding="UTF-8"?>
<!-- Generated by org.testng.reporters.JUnitReportReporter -->
<testsuite hostname="Mosab" failures="0" tests="13" name="MyTestCases" time="78.343" errors="0" timestamp="2024-11-04T23:39:24 EET" skipped="0">
  <testcase classname="MyTestCases" name="radioButtons" time="0.119"/>
  <system-out/>
  <testcase classname="MyTestCases" name="dynamicDropDown" time="1.130"/>
  <system-out/>
  <testcase classname="MyTestCases" name="select" time="0.103"/>
  <system-out/>
  <testcase classname="MyTestCases" name="checkBox" time="0.216"/>
  <system-out/>
  <testcase classname="MyTestCases" name="openWindow" time="8.421"/>
  <system-out/>
  <testcase classname="MyTestCases" name="switchTabs" time="9.837"/>
  <system-out/>
  <testcase classname="MyTestCases" name="switchALERT" time="5.169"/>
  <system-out/>
  <testcase classname="MyTestCases" name="TableExample" time="3.178"/>
  <system-out/>
  <testcase classname="MyTestCases" name="elementDisplayed" time="5.221"/>
  <system-out/>
  <testcase classname="MyTestCases" name="enabled_Disabled" time="3.214"/>
  <system-out/>
  <testcase classname="MyTestCases" name="mouseHover" time="14.460"/>
  <system-out/>
  <testcase classname="MyTestCases" name="calendar" time="16.994"/>
  <system-out/>
  <testcase classname="MyTestCases" name="iFrame" time="10.281"/>
  <system-out/>
</testsuite> <!-- MyTestCases -->
